[2020-03-10 09:57:19,796] - get_logging.py] - INFO: 句子：、河南省南阳市阳光男科医院---预期意图：无---实际意图：描述就诊史---是否一致：FALSE
[2020-03-10 09:57:19,831] - get_logging.py] - INFO: 句子：、您好，医生还是新世季人才入选者，---预期意图：咨询专家---实际意图：咨询专家---是否一致：TRUE
[2020-03-10 09:57:19,847] - get_logging.py] - INFO: 句子：.您好，收费多少？过去总有见意进一步CTu检查，CTu多少钱---预期意图：咨询价格---实际意图：咨询价格---是否一致：TRUE
[2020-03-10 09:57:19,867] - get_logging.py] - INFO: 句子：.您好，收费多少？过去总有见意进一步CTu检查，CTu多少钱---预期意图：咨询价格---实际意图：咨询价格---是否一致：TRUE
[2020-03-10 09:57:19,904] - get_logging.py] - INFO: 句子：。。。直接加扣扣细聊吧---预期意图：咨询QQ---实际意图：咨询QQ---是否一致：TRUE
[2020-03-10 09:57:19,933] - get_logging.py] - INFO: 句子：。那我加你---预期意图：咨询微信---实际意图：咨询微信---是否一致：TRUE
[2020-03-10 09:57:19,961] - get_logging.py] - INFO: 句子：:那家医院属于正规医院---预期意图：无---实际意图：咨询公立私立---是否一致：FALSE
[2020-03-10 09:57:19,990] - get_logging.py] - INFO: 句子：:你说给我出西单地铁口，A囗，B囗最近那我就知道了。谢谢。---预期意图：咨询路线---实际意图：咨询路线---是否一致：TRUE
[2020-03-10 09:57:20,019] - get_logging.py] - INFO: 句子：`等我加你---预期意图：确定联系意愿---实际意图：确定联系意愿---是否一致：TRUE
[2020-03-10 09:57:20,060] - get_logging.py] - INFO: 症状1：晚上梦遗---症状2：晚上尿多---预期分数：0---实际分数：0---是否一致：TRUE
[2020-03-10 09:57:20,077] - get_logging.py] - INFO: 症状1：鸡吧小---症状2：jj短---预期分数：1---实际分数：1---是否一致：TRUE
[2020-03-10 09:57:20,086] - get_logging.py] - INFO: 症状1：性欲没下降---症状2：性欲下降---预期分数：0---实际分数：1---是否一致：FALSE
[2020-03-10 09:57:20,093] - get_logging.py] - INFO: 症状1：阴颈短小---症状2：阴劲短小---预期分数：1---实际分数：0---是否一致：FALSE
[2020-03-10 09:57:20,112] - get_logging.py] - INFO: 症状1：鸡吧小---症状2：jj小---预期分数：1---实际分数：1---是否一致：TRUE
[2020-03-10 09:57:20,131] - get_logging.py] - INFO: 症状1：小便有灼热感---症状2：小便发黄---预期分数：0---实际分数：0---是否一致：TRUE
[2020-03-10 09:57:20,148] - get_logging.py] - INFO: 症状1：龟头刺痒---症状2：龟头瘙痒---预期分数：1---实际分数：1---是否一致：TRUE
[2020-03-10 09:57:20,156] - get_logging.py] - INFO: 症状1：阴囊收缩---症状2：睾丸潮湿---预期分数：0---实际分数：0---是否一致：TRUE
[2020-03-10 09:57:20,202] - get_logging.py] - INFO: 口语症状：阴茎上面有红点---预期标准症状：龟头有红点---实际标准症状：龟头有红点---是否一致：TRUE
[2020-03-10 09:57:20,233] - get_logging.py] - INFO: 口语症状：龟头上有几个小红点---预期标准症状：龟头有红点---实际标准症状：龟头有红点---是否一致：TRUE
[2020-03-10 09:57:20,253] - get_logging.py] - INFO: 口语症状：龟头有一片片红点---预期标准症状：龟头有红点---实际标准症状：龟头有红点---是否一致：TRUE
[2020-03-10 09:57:20,285] - get_logging.py] - INFO: 口语症状：龟头上有个红点---预期标准症状：龟头有红点---实际标准症状：龟头有红点---是否一致：TRUE
