[2020-03-09 15:38:52,951] - get_logging.py] - INFO: 句子：、河南省南阳市阳光男科医院---预期意图：无---实际意图：描述就诊史---是否一致：FALSE
[2020-03-09 15:38:52,986] - get_logging.py] - INFO: 句子：、您好，医生还是新世季人才入选者，---预期意图：咨询专家---实际意图：咨询专家---是否一致：TRUE
[2020-03-09 15:38:53,002] - get_logging.py] - INFO: 句子：.您好，收费多少？过去总有见意进一步CTu检查，CTu多少钱---预期意图：咨询价格---实际意图：咨询价格---是否一致：TRUE
[2020-03-09 15:38:53,007] - get_logging.py] - INFO: 句子：.您好，收费多少？过去总有见意进一步CTu检查，CTu多少钱---预期意图：咨询价格---实际意图：咨询价格---是否一致：TRUE
[2020-03-09 15:38:53,046] - get_logging.py] - INFO: 句子：。。。直接加扣扣细聊吧---预期意图：咨询QQ---实际意图：咨询QQ---是否一致：TRUE
[2020-03-09 15:38:53,078] - get_logging.py] - INFO: 句子：。那我加你---预期意图：咨询微信---实际意图：咨询微信---是否一致：TRUE
[2020-03-09 15:38:53,098] - get_logging.py] - INFO: 句子：:那家医院属于正规医院---预期意图：无---实际意图：咨询公立私立---是否一致：FALSE
[2020-03-09 15:38:53,130] - get_logging.py] - INFO: 句子：:你说给我出西单地铁口，A囗，B囗最近那我就知道了。谢谢。---预期意图：咨询路线---实际意图：咨询路线---是否一致：TRUE
[2020-03-09 15:38:53,163] - get_logging.py] - INFO: 句子：`等我加你---预期意图：确定联系意愿---实际意图：确定联系意愿---是否一致：TRUE
[2020-03-09 15:46:58,393] - get_logging.py] - INFO: 句子：、河南省南阳市阳光男科医院---预期意图：无---实际意图：描述就诊史---是否一致：FALSE
[2020-03-09 15:46:58,427] - get_logging.py] - INFO: 句子：、您好，医生还是新世季人才入选者，---预期意图：咨询专家---实际意图：咨询专家---是否一致：TRUE
[2020-03-09 15:46:58,442] - get_logging.py] - INFO: 句子：.您好，收费多少？过去总有见意进一步CTu检查，CTu多少钱---预期意图：咨询价格---实际意图：咨询价格---是否一致：TRUE
[2020-03-09 15:46:58,461] - get_logging.py] - INFO: 句子：.您好，收费多少？过去总有见意进一步CTu检查，CTu多少钱---预期意图：咨询价格---实际意图：咨询价格---是否一致：TRUE
[2020-03-09 15:46:58,500] - get_logging.py] - INFO: 句子：。。。直接加扣扣细聊吧---预期意图：咨询QQ---实际意图：咨询QQ---是否一致：TRUE
[2020-03-09 15:46:58,533] - get_logging.py] - INFO: 句子：。那我加你---预期意图：咨询微信---实际意图：咨询微信---是否一致：TRUE
[2020-03-09 15:46:58,560] - get_logging.py] - INFO: 句子：:那家医院属于正规医院---预期意图：无---实际意图：咨询公立私立---是否一致：FALSE
[2020-03-09 15:46:58,591] - get_logging.py] - INFO: 句子：:你说给我出西单地铁口，A囗，B囗最近那我就知道了。谢谢。---预期意图：咨询路线---实际意图：咨询路线---是否一致：TRUE
[2020-03-09 15:46:58,620] - get_logging.py] - INFO: 句子：`等我加你---预期意图：确定联系意愿---实际意图：确定联系意愿---是否一致：TRUE
[2020-03-09 15:58:24,262] - get_logging.py] - INFO: 句子：、河南省南阳市阳光男科医院---预期意图：无---实际意图：描述就诊史---是否一致：FALSE
[2020-03-09 15:58:24,298] - get_logging.py] - INFO: 句子：、您好，医生还是新世季人才入选者，---预期意图：咨询专家---实际意图：咨询专家---是否一致：TRUE
[2020-03-09 15:58:24,321] - get_logging.py] - INFO: 句子：.您好，收费多少？过去总有见意进一步CTu检查，CTu多少钱---预期意图：咨询价格---实际意图：咨询价格---是否一致：TRUE
[2020-03-09 15:58:24,337] - get_logging.py] - INFO: 句子：.您好，收费多少？过去总有见意进一步CTu检查，CTu多少钱---预期意图：咨询价格---实际意图：咨询价格---是否一致：TRUE
[2020-03-09 15:58:24,368] - get_logging.py] - INFO: 句子：。。。直接加扣扣细聊吧---预期意图：咨询QQ---实际意图：咨询QQ---是否一致：TRUE
[2020-03-09 15:58:24,402] - get_logging.py] - INFO: 句子：。那我加你---预期意图：咨询微信---实际意图：咨询微信---是否一致：TRUE
[2020-03-09 15:58:24,421] - get_logging.py] - INFO: 句子：:那家医院属于正规医院---预期意图：无---实际意图：咨询公立私立---是否一致：FALSE
[2020-03-09 15:58:24,450] - get_logging.py] - INFO: 句子：:你说给我出西单地铁口，A囗，B囗最近那我就知道了。谢谢。---预期意图：咨询路线---实际意图：咨询路线---是否一致：TRUE
[2020-03-09 15:58:24,480] - get_logging.py] - INFO: 句子：`等我加你---预期意图：确定联系意愿---实际意图：确定联系意愿---是否一致：TRUE
[2020-03-09 15:58:24,539] - get_logging.py] - INFO: 症状1：晚上梦遗---症状2：晚上尿多---预期分数：0---实际分数：0---是否一致：TRUE
[2020-03-09 15:58:24,547] - get_logging.py] - INFO: 症状1：鸡吧小---症状2：jj短---预期分数：1---实际分数：1---是否一致：TRUE
[2020-03-09 15:58:24,556] - get_logging.py] - INFO: 症状1：性欲没下降---症状2：性欲下降---预期分数：0---实际分数：1---是否一致：FALSE
[2020-03-09 15:58:24,565] - get_logging.py] - INFO: 症状1：阴颈短小---症状2：阴劲短小---预期分数：1---实际分数：0---是否一致：FALSE
[2020-03-09 15:58:24,585] - get_logging.py] - INFO: 症状1：鸡吧小---症状2：jj小---预期分数：1---实际分数：1---是否一致：TRUE
[2020-03-09 15:58:24,606] - get_logging.py] - INFO: 症状1：小便有灼热感---症状2：小便发黄---预期分数：0---实际分数：0---是否一致：TRUE
[2020-03-09 15:58:24,626] - get_logging.py] - INFO: 症状1：龟头刺痒---症状2：龟头瘙痒---预期分数：1---实际分数：1---是否一致：TRUE
[2020-03-09 15:58:24,646] - get_logging.py] - INFO: 症状1：阴囊收缩---症状2：睾丸潮湿---预期分数：0---实际分数：0---是否一致：TRUE
[2020-03-09 15:58:24,697] - get_logging.py] - INFO: 口语症状：阴茎上面有红点---预期标准症状：龟头有红点---实际标准症状：龟头有红点---是否一致：TRUE
[2020-03-09 15:58:24,729] - get_logging.py] - INFO: 口语症状：龟头上有几个小红点---预期标准症状：龟头有红点---实际标准症状：龟头有红点---是否一致：TRUE
[2020-03-09 15:58:24,761] - get_logging.py] - INFO: 口语症状：龟头有一片片红点---预期标准症状：龟头有红点---实际标准症状：龟头有红点---是否一致：TRUE
[2020-03-09 15:58:24,783] - get_logging.py] - INFO: 口语症状：龟头上有个红点---预期标准症状：龟头有红点---实际标准症状：龟头有红点---是否一致：TRUE
