[2020-03-02 18:20:13,462] - get_logging.py] - INFO: 症状1：晚上梦遗---症状2：晚上尿多---预期分数：0---实际分数：0---是否一致：TRUE
[2020-03-02 18:20:13,481] - get_logging.py] - INFO: 症状1：鸡吧小---症状2：jj短---预期分数：1---实际分数：1---是否一致：TRUE
[2020-03-02 18:20:13,489] - get_logging.py] - INFO: 症状1：性欲没下降---症状2：性欲下降---预期分数：0---实际分数：1---是否一致：FALSE
[2020-03-02 18:20:13,497] - get_logging.py] - INFO: 症状1：阴颈短小---症状2：阴劲短小---预期分数：1---实际分数：0---是否一致：FALSE
[2020-03-02 18:20:13,505] - get_logging.py] - INFO: 症状1：鸡吧小---症状2：jj小---预期分数：1---实际分数：1---是否一致：TRUE
[2020-03-02 18:20:13,513] - get_logging.py] - INFO: 症状1：小便有灼热感---症状2：小便发黄---预期分数：0---实际分数：0---是否一致：TRUE
[2020-03-02 18:20:13,521] - get_logging.py] - INFO: 症状1：龟头刺痒---症状2：龟头瘙痒---预期分数：1---实际分数：1---是否一致：TRUE
[2020-03-02 18:20:13,528] - get_logging.py] - INFO: 症状1：阴囊收缩---症状2：睾丸潮湿---预期分数：0---实际分数：0---是否一致：TRUE
[2020-03-02 18:27:03,381] - get_logging.py] - INFO: 症状1：晚上梦遗---症状2：晚上尿多---预期分数：0---实际分数：0---是否一致：TRUE
[2020-03-02 18:27:03,400] - get_logging.py] - INFO: 症状1：鸡吧小---症状2：jj短---预期分数：1---实际分数：1---是否一致：TRUE
[2020-03-02 18:27:03,418] - get_logging.py] - INFO: 症状1：性欲没下降---症状2：性欲下降---预期分数：0---实际分数：1---是否一致：FALSE
[2020-03-02 18:27:03,425] - get_logging.py] - INFO: 症状1：阴颈短小---症状2：阴劲短小---预期分数：1---实际分数：0---是否一致：FALSE
[2020-03-02 18:27:03,432] - get_logging.py] - INFO: 症状1：鸡吧小---症状2：jj小---预期分数：1---实际分数：1---是否一致：TRUE
[2020-03-02 18:27:03,438] - get_logging.py] - INFO: 症状1：小便有灼热感---症状2：小便发黄---预期分数：0---实际分数：0---是否一致：TRUE
[2020-03-02 18:27:03,445] - get_logging.py] - INFO: 症状1：龟头刺痒---症状2：龟头瘙痒---预期分数：1---实际分数：1---是否一致：TRUE
[2020-03-02 18:27:03,464] - get_logging.py] - INFO: 症状1：阴囊收缩---症状2：睾丸潮湿---预期分数：0---实际分数：0---是否一致：TRUE
[2020-03-02 18:27:10,800] - get_logging.py] - INFO: 口语症状：阴茎上面有红点---预期标准症状：龟头有红点---实际标准症状：龟头有红点---是否一致：TRUE
[2020-03-02 18:27:10,857] - get_logging.py] - INFO: 口语症状：龟头上有几个小红点---预期标准症状：龟头有红点---实际标准症状：龟头有红点---是否一致：TRUE
[2020-03-02 18:27:10,899] - get_logging.py] - INFO: 口语症状：龟头有一片片红点---预期标准症状：龟头有红点---实际标准症状：龟头有红点---是否一致：TRUE
[2020-03-02 18:27:10,934] - get_logging.py] - INFO: 口语症状：龟头上有个红点---预期标准症状：龟头有红点---实际标准症状：龟头有红点---是否一致：TRUE
